<?xml version="1.0" encoding="UTF-8"?>
<!-- Generated by org.testng.reporters.JUnitReportReporter -->
<testsuite hostname="DESKTOP-7GVOSDV" failures="0" tests="1" name="Pkg_maven.Amz_project.Add_product_to_cart" time="17.777" errors="0" timestamp="2024-10-10T22:17:13 IST" skipped="0">
  <testcase classname="Pkg_maven.Amz_project.Add_product_to_cart" name="add_product" time="17.777"/>
  <system-out>
    <![CDATA[test case has been passed]]>
  </system-out>
</testsuite> <!-- Pkg_maven.Amz_project.Add_product_to_cart -->
