<?xml version="1.0" encoding="UTF-8"?>
<!-- Generated by org.testng.reporters.JUnitReportReporter -->
<testsuite hostname="DESKTOP-7GVOSDV" failures="0" tests="1" name="Pkg_maven.Amz_project.Apply_promocode" time="50.273" errors="0" timestamp="2024-10-10T22:17:13 IST" skipped="0">
  <testcase classname="Pkg_maven.Amz_project.Apply_promocode" name="enter_promocode" time="50.273"/>
  <system-out>
    <![CDATA[test case has been passed]]>
  </system-out>
</testsuite> <!-- Pkg_maven.Amz_project.Apply_promocode -->
