<?xml version="1.0" encoding="UTF-8"?>
<!-- Generated by org.testng.reporters.JUnitReportReporter -->
<testsuite hostname="DESKTOP-7GVOSDV" failures="0" tests="1" name="Pkg_maven.Amz_project.validate_checkout_process" time="36.706" errors="0" timestamp="2024-10-10T22:35:35 IST" skipped="0">
  <testcase classname="Pkg_maven.Amz_project.validate_checkout_process" name="checkout_process" time="36.706"/>
  <system-out/>
</testsuite> <!-- Pkg_maven.Amz_project.validate_checkout_process -->
