<?xml version="1.0" encoding="UTF-8"?>
<!-- Generated by org.testng.reporters.JUnitReportReporter -->
<testsuite hostname="DESKTOP-7GVOSDV" failures="0" tests="1" name="amz_testcases.Check_product_details_present" time="5.435" errors="0" timestamp="2024-10-04T13:55:08 IST" skipped="0">
  <testcase classname="amz_testcases.Check_product_details_present" name="verify_product_details" time="5.435"/>
  <system-out/>
</testsuite> <!-- amz_testcases.Check_product_details_present -->
