<?xml version="1.0" encoding="UTF-8"?>
<!-- Generated by org.testng.reporters.JUnitReportReporter -->
<testsuite hostname="DESKTOP-7GVOSDV" failures="0" tests="3" name="Pkg_maven.Amz_project.Products_sort_price" time="40.280" errors="0" timestamp="2024-10-09T15:50:28 IST" skipped="0">
  <testcase classname="Pkg_maven.Amz_project.Products_sort_price" name="price_lowtohigh" time="11.860"/>
  <system-out>
    <![CDATA[test case has been passed]]>
  </system-out>
  <testcase classname="Pkg_maven.Amz_project.Products_sort_price" name="price_hightolow" time="15.730"/>
  <system-out>
    <![CDATA[test case has been passed]]>
  </system-out>
  <testcase classname="Pkg_maven.Amz_project.Products_sort_price" name="sort_reviews" time="12.690"/>
  <system-out>
    <![CDATA[test case has been passed]]>
  </system-out>
</testsuite> <!-- Pkg_maven.Amz_project.Products_sort_price -->
