<?xml version="1.0" encoding="UTF-8"?>
<!-- Generated by org.testng.reporters.JUnitReportReporter -->
<testsuite hostname="DESKTOP-7GVOSDV" failures="0" tests="1" name="amz_testcases.New_user_registration" time="3.981" errors="0" timestamp="2024-10-04T07:24:02 IST" skipped="0">
  <testcase classname="amz_testcases.New_user_registration" name="register" time="3.981"/>
  <system-out>
    <![CDATA[test case has been passed]]>
  </system-out>
</testsuite> <!-- amz_testcases.New_user_registration -->
