<?xml version="1.0" encoding="UTF-8"?>
<!-- Generated by org.testng.reporters.JUnitReportReporter -->
<testsuite hostname="DESKTOP-7GVOSDV" failures="0" tests="1" name="Pkg_maven.Amz_project.Login_using_incorrect_cred" time="4.428" errors="0" timestamp="2024-10-09T15:50:28 IST" skipped="0">
  <testcase classname="Pkg_maven.Amz_project.Login_using_incorrect_cred" name="login_incorrect_cred" time="4.428"/>
  <system-out>
    <![CDATA[test case has been passed]]>
  </system-out>
</testsuite> <!-- Pkg_maven.Amz_project.Login_using_incorrect_cred -->
