<?xml version="1.0" encoding="UTF-8"?>
<!-- Generated by org.testng.reporters.JUnitReportReporter -->
<testsuite hostname="DESKTOP-7GVOSDV" failures="0" tests="1" name="Pkg_maven.Amz_project.Validate_payment_options" time="32.183" errors="0" timestamp="2024-10-09T16:04:49 IST" skipped="0">
  <testcase classname="Pkg_maven.Amz_project.Validate_payment_options" name="check_payment_method_selection" time="32.183"/>
  <system-out/>
</testsuite> <!-- Pkg_maven.Amz_project.Validate_payment_options -->
