<?xml version="1.0" encoding="UTF-8"?>
<!-- Generated by org.testng.reporters.JUnitReportReporter -->
<testsuite hostname="DESKTOP-7GVOSDV" failures="0" tests="1" name="Pkg_maven.Amz_project.New_user_registration" time="5.135" errors="0" timestamp="2024-10-10T22:17:13 IST" skipped="0">
  <testcase classname="Pkg_maven.Amz_project.New_user_registration" name="register" time="5.135"/>
  <system-out>
    <![CDATA[test case has been passed]]>
  </system-out>
</testsuite> <!-- Pkg_maven.Amz_project.New_user_registration -->
