<?xml version="1.0" encoding="UTF-8"?>
<!-- Generated by org.testng.reporters.JUnitReportReporter -->
<testsuite hostname="DESKTOP-7GVOSDV" failures="0" tests="1" name="amz_testcases.Login_using_incorrect_cred" time="12.679" errors="0" timestamp="2024-10-04T07:24:02 IST" skipped="0">
  <testcase classname="amz_testcases.Login_using_incorrect_cred" name="login_incorrect_cred" time="12.679"/>
  <system-out>
    <![CDATA[test case has been passed]]>
  </system-out>
</testsuite> <!-- amz_testcases.Login_using_incorrect_cred -->
