<?xml version="1.0" encoding="UTF-8"?>
<!-- Generated by org.testng.reporters.JUnitReportReporter -->
<testsuite hostname="DESKTOP-7GVOSDV" failures="0" tests="2" name="Pkg_maven.Amz_project.Cart_operation" time="34.487" errors="0" timestamp="2024-10-10T19:30:13 IST" skipped="0">
  <testcase classname="Pkg_maven.Amz_project.Cart_operation" name="delete_product_cart" time="16.758"/>
  <system-out>
    <![CDATA[test case has been passed]]>
  </system-out>
  <testcase classname="Pkg_maven.Amz_project.Cart_operation" name="increase_qauntity" time="17.729"/>
  <system-out>
    <![CDATA[test case has been passed]]>
  </system-out>
</testsuite> <!-- Pkg_maven.Amz_project.Cart_operation -->
