<?xml version="1.0" encoding="UTF-8"?>
<!-- Generated by org.testng.reporters.JUnitReportReporter -->
<testsuite hostname="DESKTOP-7GVOSDV" failures="0" tests="1" name="Pkg_maven.Amz_project.Login_using_correct_cred" time="7.422" errors="0" timestamp="2024-10-10T19:30:13 IST" skipped="0">
  <testcase classname="Pkg_maven.Amz_project.Login_using_correct_cred" name="login_method" time="7.422"/>
  <system-out>
    <![CDATA[test case has been passed]]>
  </system-out>
</testsuite> <!-- Pkg_maven.Amz_project.Login_using_correct_cred -->
